<?xml version="1.0" encoding="UTF-8"?>
<robot generator="Robot 4.1 (Python 3.9.7 on win32)" generated="20211001 20:19:02.530" rpa="false" schemaversion="2">
<suite id="s1" name="Tc 01" source="d:\Assignment9.1\Mobile\Tests\tc_01.robot">
<test id="s1-t1" name="User should be able to launch flipkart application">
<kw name="Launch the flipkart application">
<kw name="Open Application" library="AppiumLibrary">
<arg>${flipkart_server}</arg>
<arg>platformName=${proj_name}</arg>
<arg>platformVersion=${version_device}</arg>
<arg>deviceName=${name_devide}</arg>
<arg>app=${app_location}</arg>
<doc>Opens a new application to given Appium server.
Capabilities of appium server, Android and iOS,
Please check https://github.com/appium/appium/blob/master/docs/en/writing-running-appium/server-args.md
| *Option*            | *Man.* | *Description*     |
| remote_url          | Yes    | Appium server url |
| alias               | no     | alias             |</doc>
<kw name="Capture Page Screenshot" library="AppiumLibrary">
<doc>Takes a screenshot of the current page and embeds it into the log.</doc>
<msg timestamp="20211001 20:19:50.847" level="FAIL">No application is open</msg>
<status status="FAIL" starttime="20211001 20:19:50.841" endtime="20211001 20:19:50.847"/>
</kw>
<msg timestamp="20211001 20:19:50.852" level="WARN">Keyword 'Capture Page Screenshot' could not be run on failure: No application is open</msg>
<msg timestamp="20211001 20:19:50.857" level="FAIL">WebDriverException: Message: An unknown server-side error occurred while processing the command. Original error: Cannot start the 'com.flipkart.android' application. Visit https://github.com/appium/appium/blob/master/docs/en/writing-running-appium/android/activity-startup.md for troubleshooting. Original error: 'com.flipkart.android.SplashActivity' or 'com.flipkart.android.com.flipkart.android.SplashActivity' never started. Visit https://github.com/appium/appium/blob/master/docs/en/writing-running-appium/android/activity-startup.md for troubleshooting
</msg>
<status status="FAIL" starttime="20211001 20:19:02.931" endtime="20211001 20:19:50.857"/>
</kw>
<status status="FAIL" starttime="20211001 20:19:02.930" endtime="20211001 20:19:50.859"/>
</kw>
<kw name="Select English language and go to home page">
<status status="NOT RUN" starttime="20211001 20:19:50.859" endtime="20211001 20:19:50.859"/>
</kw>
<kw name="Click on menu and select all cetegories">
<status status="NOT RUN" starttime="20211001 20:19:50.859" endtime="20211001 20:19:50.860"/>
</kw>
<kw name="Click on search and search mobiles and scroll till poco is found">
<status status="NOT RUN" starttime="20211001 20:19:50.860" endtime="20211001 20:19:50.860"/>
</kw>
<kw name="Click on POCO and add POCO to cart">
<status status="NOT RUN" starttime="20211001 20:19:50.860" endtime="20211001 20:19:50.860"/>
</kw>
<kw name="Verify if mobile is added to cart">
<status status="NOT RUN" starttime="20211001 20:19:50.860" endtime="20211001 20:19:50.860"/>
</kw>
<status status="FAIL" starttime="20211001 20:19:02.930" endtime="20211001 20:19:50.860">WebDriverException: Message: An unknown server-side error occurred while processing the command. Original error: Cannot start the 'com.flipkart.android' application. Visit https://github.com/appium/appium/blob/master/docs/en/writing-running-appium/android/activity-startup.md for troubleshooting. Original error: 'com.flipkart.android.SplashActivity' or 'com.flipkart.android.com.flipkart.android.SplashActivity' never started. Visit https://github.com/appium/appium/blob/master/docs/en/writing-running-appium/android/activity-startup.md for troubleshooting
</status>
</test>
<status status="FAIL" starttime="20211001 20:19:02.534" endtime="20211001 20:19:50.861"/>
</suite>
<statistics>
<total>
<stat pass="0" fail="1" skip="0">All Tests</stat>
</total>
<tag>
</tag>
<suite>
<stat pass="0" fail="1" skip="0" id="s1" name="Tc 01">Tc 01</stat>
</suite>
</statistics>
<errors>
<msg timestamp="20211001 20:19:50.852" level="WARN">Keyword 'Capture Page Screenshot' could not be run on failure: No application is open</msg>
</errors>
</robot>
