<?xml version="1.0" encoding="UTF-8"?>
<robot generator="Robot 4.1 (Python 3.9.7 on win32)" generated="20211001 19:50:54.925" rpa="false" schemaversion="2">
<suite id="s1" name="Tc 01" source="d:\Assignment9.1\Mobile\Tests\tc_01.robot">
<test id="s1-t1" name="User should be able to launch flipkart application">
<kw name="Launch the flipkart application">
<kw name="Open Application" library="AppiumLibrary">
<arg>${flipkart_server}</arg>
<arg>platformName=${proj_name}</arg>
<arg>platformVersion=${version_device}</arg>
<arg>deviceName=${name_devide}</arg>
<arg>app=${app_location}</arg>
<doc>Opens a new application to given Appium server.
Capabilities of appium server, Android and iOS,
Please check https://github.com/appium/appium/blob/master/docs/en/writing-running-appium/server-args.md
| *Option*            | *Man.* | *Description*     |
| remote_url          | Yes    | Appium server url |
| alias               | no     | alias             |</doc>
<status status="PASS" starttime="20211001 19:50:55.331" endtime="20211001 19:51:17.993"/>
</kw>
<status status="PASS" starttime="20211001 19:50:55.330" endtime="20211001 19:51:17.994"/>
</kw>
<kw name="Select English language and go to home page">
<kw name="Wait Until Page Contains" library="AppiumLibrary">
<arg>English</arg>
<arg>timeout=40s</arg>
<doc>Waits until `text` appears on current page.</doc>
<status status="PASS" starttime="20211001 19:51:17.995" endtime="20211001 19:51:25.064"/>
</kw>
<kw name="Click Element" library="AppiumLibrary">
<arg>${English_icon}</arg>
<doc>Click element identified by `locator`.</doc>
<msg timestamp="20211001 19:51:25.072" level="INFO">Clicking element 'xpath= //android.widget.TextView[@text="English"]'.</msg>
<kw name="Capture Page Screenshot" library="AppiumLibrary">
<doc>Takes a screenshot of the current page and embeds it into the log.</doc>
<msg timestamp="20211001 19:51:28.383" level="INFO" html="true">&lt;/td&gt;&lt;/tr&gt;&lt;tr&gt;&lt;td colspan="3"&gt;&lt;a href="appium-screenshot-1.png"&gt;&lt;img src="appium-screenshot-1.png" width="800px"&gt;&lt;/a&gt;</msg>
<status status="PASS" starttime="20211001 19:51:27.779" endtime="20211001 19:51:28.383"/>
</kw>
<msg timestamp="20211001 19:51:28.391" level="FAIL">InvalidSessionIdException: Message: A session is either terminated or not started
</msg>
<status status="FAIL" starttime="20211001 19:51:25.064" endtime="20211001 19:51:28.391"/>
</kw>
<kw name="Click Element" library="AppiumLibrary">
<arg>${continue}</arg>
<doc>Click element identified by `locator`.</doc>
<status status="NOT RUN" starttime="20211001 19:51:28.393" endtime="20211001 19:51:28.393"/>
</kw>
<kw name="Wait Until Element Is Visible" library="AppiumLibrary">
<arg>${back_home}</arg>
<arg>timeout=40s</arg>
<doc>Waits until element specified with `locator` is visible.</doc>
<status status="NOT RUN" starttime="20211001 19:51:28.393" endtime="20211001 19:51:28.393"/>
</kw>
<kw name="Click Element" library="AppiumLibrary">
<arg>${back_home}</arg>
<doc>Click element identified by `locator`.</doc>
<status status="NOT RUN" starttime="20211001 19:51:28.393" endtime="20211001 19:51:28.393"/>
</kw>
<status status="FAIL" starttime="20211001 19:51:17.994" endtime="20211001 19:51:28.395"/>
</kw>
<kw name="Click on menu and select all cetegories">
<status status="NOT RUN" starttime="20211001 19:51:28.395" endtime="20211001 19:51:28.395"/>
</kw>
<kw name="Click on search and search mobiles and scroll till poco is found">
<status status="NOT RUN" starttime="20211001 19:51:28.395" endtime="20211001 19:51:28.395"/>
</kw>
<kw name="Click on POCO and add POCO to cart">
<status status="NOT RUN" starttime="20211001 19:51:28.395" endtime="20211001 19:51:28.395"/>
</kw>
<kw name="Verify if mobile is added to cart">
<status status="NOT RUN" starttime="20211001 19:51:28.395" endtime="20211001 19:51:28.396"/>
</kw>
<status status="FAIL" starttime="20211001 19:50:55.330" endtime="20211001 19:51:28.396">InvalidSessionIdException: Message: A session is either terminated or not started
</status>
</test>
<status status="FAIL" starttime="20211001 19:50:54.928" endtime="20211001 19:51:28.398"/>
</suite>
<statistics>
<total>
<stat pass="0" fail="1" skip="0">All Tests</stat>
</total>
<tag>
</tag>
<suite>
<stat pass="0" fail="1" skip="0" id="s1" name="Tc 01">Tc 01</stat>
</suite>
</statistics>
<errors>
</errors>
</robot>
